<?xml version="1.0" encoding="UTF-8"?>
<!-- Generated by org.testng.reporters.JUnitReportReporter -->
<testsuite hostname="DESKTOP-BVD4MT9" failures="0" tests="1" name="autoTest.AutoTestClass" time="16.998" errors="0" timestamp="2022-08-16T22:54:57 EDT" skipped="0">
  <testcase classname="autoTest.AutoTestClass" name="test" time="16.998"/>
  <system-out>
    <![CDATA[Auto : value visible in  --->[[ChromeDriver: chrome on WINDOWS (65352c1da14bcfbd4c6b3da95fd6e936)] -> xpath: //select[@id='ProductList']]<br>
11418 : value pass into --->[[ChromeDriver: chrome on WINDOWS (65352c1da14bcfbd4c6b3da95fd6e936)] -> id: txtZipCode]<br>
[[ChromeDriver: chrome on WINDOWS (65352c1da14bcfbd4c6b3da95fd6e936)] -> xpath: //button[@id='btnGoZip']]---> This element has been clicked<br>
Rachel : value pass into --->[[ChromeDriver: chrome on WINDOWS (65352c1da14bcfbd4c6b3da95fd6e936)] -> xpath: //input[@id='ODI1_FirstName']]<br>
Galler : value pass into --->[[ChromeDriver: chrome on WINDOWS (65352c1da14bcfbd4c6b3da95fd6e936)] -> xpath: //input[@id='ODI1_MiddleInitial']]<br>
Green : value pass into --->[[ChromeDriver: chrome on WINDOWS (65352c1da14bcfbd4c6b3da95fd6e936)] -> xpath: //input[@id='ODI1_LastName']]<br>
01/01/2000 : value pass into --->[[ChromeDriver: chrome on WINDOWS (65352c1da14bcfbd4c6b3da95fd6e936)] -> xpath: //input[@id='ODI1_BirthDate']]<br>
1454 43rd street : value pass into --->[[ChromeDriver: chrome on WINDOWS (65352c1da14bcfbd4c6b3da95fd6e936)] -> xpath: //input[@id='ODI1_StreetAddress']]<br>
[[ChromeDriver: chrome on WINDOWS (65352c1da14bcfbd4c6b3da95fd6e936)] -> xpath: (//button[text()='Continue'])[1]]---> This element has been clicked<br>]]>
  </system-out>
</testsuite> <!-- autoTest.AutoTestClass -->
