<?xml version="1.0" encoding="UTF-8"?>
<!-- Generated by org.testng.reporters.JUnitReportReporter -->
<testsuite hostname="DESKTOP-BVD4MT9" failures="0" tests="1" name="test.TestClass" time="2.831" errors="0" timestamp="2022-07-29T16:10:25 EDT" skipped="0">
  <testcase classname="test.TestClass" name="test" time="2.831"/>
  <system-out/>
</testsuite> <!-- test.TestClass -->
