<?xml version="1.0" encoding="UTF-8"?>
<!-- Generated by org.testng.reporters.JUnitReportReporter -->
<testsuite hostname="DESKTOP-BVD4MT9" failures="0" tests="1" name="test.TestClass" time="25.244" errors="0" timestamp="2022-08-01T23:06:40 EDT" skipped="0">
  <testcase classname="test.TestClass" name="test" time="25.244"/>
  <system-out>
    <![CDATA[Auto : value visible in  --->[[ChromeDriver: chrome on WINDOWS (2910cc5826b80debcd811daff20663c9)] -> xpath: //select[@id='ProductList']]<br>
11418 : value pass into --->[[ChromeDriver: chrome on WINDOWS (2910cc5826b80debcd811daff20663c9)] -> id: txtZipCode]<br>
[[ChromeDriver: chrome on WINDOWS (2910cc5826b80debcd811daff20663c9)] -> xpath: //button[@id='btnGoZip']]---> This element has been clicked<br>
Rachel : value pass into --->[[ChromeDriver: chrome on WINDOWS (2910cc5826b80debcd811daff20663c9)] -> xpath: //input[@id='ODI1_FirstName']]<br>
Galler : value pass into --->[[ChromeDriver: chrome on WINDOWS (2910cc5826b80debcd811daff20663c9)] -> xpath: //input[@id='ODI1_MiddleInitial']]<br>
Green : value pass into --->[[ChromeDriver: chrome on WINDOWS (2910cc5826b80debcd811daff20663c9)] -> xpath: //input[@id='ODI1_LastName']]<br>
01/01/2000 : value pass into --->[[ChromeDriver: chrome on WINDOWS (2910cc5826b80debcd811daff20663c9)] -> xpath: //input[@id='ODI1_BirthDate']]<br>
1454 43rd street : value pass into --->[[ChromeDriver: chrome on WINDOWS (2910cc5826b80debcd811daff20663c9)] -> xpath: //input[@id='ODI1_StreetAddress']]<br>
[[ChromeDriver: chrome on WINDOWS (2910cc5826b80debcd811daff20663c9)] -> xpath: (//button[text()='Continue'])[1]]---> This element has been clicked<br>]]>
  </system-out>
</testsuite> <!-- test.TestClass -->
