<?xml version="1.0" encoding="UTF-8"?>
<!-- Generated by org.testng.reporters.JUnitReportReporter -->
<testsuite hostname="DESKTOP-BVD4MT9" failures="0" tests="1" name="homeOwners.HomeTestClass" time="28.236" errors="0" timestamp="2022-08-02T01:00:50 EDT" skipped="0">
  <testcase classname="homeOwners.HomeTestClass" name="homeTest" time="28.236"/>
  <system-out>
    <![CDATA[Homeowners : value visible in  --->[[ChromeDriver: chrome on WINDOWS (e908fa1434fe894a86965966216d11de)] -> xpath: //select[@id='ProductList']]<br>
11418 : value pass into --->[[ChromeDriver: chrome on WINDOWS (e908fa1434fe894a86965966216d11de)] -> id: txtZipCode]<br>
[[ChromeDriver: chrome on WINDOWS (e908fa1434fe894a86965966216d11de)] -> xpath: //button[@id='btnGoZip']]---> This element has been clicked<br>
[[ChromeDriver: chrome on WINDOWS (e908fa1434fe894a86965966216d11de)] -> xpath: //button[@id='btnStart']]---> This element has been clicked<br>]]>
  </system-out>
</testsuite> <!-- homeOwners.HomeTestClass -->
