<?xml version="1.0" encoding="UTF-8"?>
<!-- Generated by org.testng.reporters.JUnitReportReporter -->
<testsuite hostname="DESKTOP-BVD4MT9" failures="0" tests="1" name="test.TestClass" time="8.112" errors="0" timestamp="2022-07-27T20:40:15 EDT" skipped="0">
  <testcase classname="test.TestClass" name="test" time="8.112"/>
  <system-out>
    <![CDATA[11219 : value pass into --->[[ChromeDriver: chrome on WINDOWS (c5c0a1e47bf3536a2cf471a001a04d1c)] -> id: txtZipCode]]]>
  </system-out>
</testsuite> <!-- test.TestClass -->
